<?xml version="1.0" encoding="UTF-8"?>
<robot generator="Robot 4.1.1 (Python 3.9.7 on win32)" generated="20211009 23:37:32.851" rpa="false" schemaversion="2">
<suite id="s1" name="Search Facebook" source="C:\Users\babyg\RobotProject\search_facebook.robot">
<test id="s1-t1" name="เปิด google.co.th ด้วย Chrome">
<kw name="Open Browser" library="SeleniumLibrary">
<arg>http://www.google.co.th</arg>
<arg>chrome</arg>
<doc>Opens a new browser instance to the optional ``url``.</doc>
<msg timestamp="20211009 23:37:33.110" level="INFO">Opening browser 'chrome' to base url 'http://www.google.co.th'.</msg>
<status status="PASS" starttime="20211009 23:37:33.109" endtime="20211009 23:37:35.160"/>
</kw>
<kw name="Input Text" library="SeleniumLibrary">
<arg>q</arg>
<arg>facebook</arg>
<doc>Types the given ``text`` into the text field identified by ``locator``.</doc>
<msg timestamp="20211009 23:37:35.161" level="INFO">Typing text 'facebook' into text field 'q'.</msg>
<status status="PASS" starttime="20211009 23:37:35.160" endtime="20211009 23:37:35.247"/>
</kw>
<kw name="Wait Until Page Contains" library="SeleniumLibrary">
<arg>facebook</arg>
<arg>2</arg>
<doc>Waits until ``text`` appears on the current page.</doc>
<status status="PASS" starttime="20211009 23:37:35.247" endtime="20211009 23:37:35.468"/>
</kw>
<kw name="Click Button" library="SeleniumLibrary">
<arg>name=btnK</arg>
<doc>Clicks the button identified by ``locator``.</doc>
<msg timestamp="20211009 23:37:35.469" level="INFO">Clicking button 'name=btnK'.</msg>
<status status="PASS" starttime="20211009 23:37:35.469" endtime="20211009 23:37:36.492"/>
</kw>
<kw name="Click Link" library="SeleniumLibrary">
<arg>https://th-th.facebook.com/</arg>
<doc>Clicks a link identified by ``locator``.</doc>
<msg timestamp="20211009 23:37:36.493" level="INFO">Clicking link 'https://th-th.facebook.com/'.</msg>
<status status="PASS" starttime="20211009 23:37:36.493" endtime="20211009 23:37:37.200"/>
</kw>
<status status="PASS" starttime="20211009 23:37:33.109" endtime="20211009 23:37:37.200"/>
</test>
<status status="PASS" starttime="20211009 23:37:32.852" endtime="20211009 23:37:37.201"/>
</suite>
<statistics>
<total>
<stat pass="1" fail="0" skip="0">All Tests</stat>
</total>
<tag>
</tag>
<suite>
<stat pass="1" fail="0" skip="0" id="s1" name="Search Facebook">Search Facebook</stat>
</suite>
</statistics>
<errors>
</errors>
</robot>
